<?xml version="1.0" encoding="UTF-8"?>
<robot generator="Robot 5.0.1 (Python 3.8.8rc1 on win32)" generated="20251212 14:18:09.233" rpa="false" schemaversion="3">
<suite id="s1" name="Reservas" source="C:\Users\55619\Dropbox\My PC (DESKTOP-8Q92QEK)\Documents\teste_sar\project-robot-test\WEB\tests\reservas">
<suite id="s1-s1" name="reservasTest" source="C:\Users\55619\Dropbox\My PC (DESKTOP-8Q92QEK)\Documents\teste_sar\project-robot-test\WEB\tests\reservas\reservasTest.robot">
<test id="s1-s1-t1" name="Cenário 01: reserva sem data disponível" line="9">
<kw name="Abrir Sessao" library="commons_web" type="SETUP">
<kw name="Baixar Chromedriver Path" library="webdriverManager">
<var>${CHROMEDRIVER_PATH}</var>
<msg timestamp="20251212 14:18:10.227" level="INFO">====== WebDriver manager ======</msg>
<msg timestamp="20251212 14:18:13.648" level="INFO">Get LATEST chromedriver version for google-chrome</msg>
<msg timestamp="20251212 14:18:13.802" level="INFO">Get LATEST chromedriver version for google-chrome</msg>
<msg timestamp="20251212 14:18:13.973" level="INFO">Driver [C:\Users\55619\.wdm\drivers\chromedriver\win64\143.0.7499.42\chromedriver-win32/chromedriver.exe] found in cache</msg>
<msg timestamp="20251212 14:18:13.974" level="INFO">C:\Users\55619\.wdm\drivers\chromedriver\win64\143.0.7499.42\chromedriver-win32/chromedriver.exe</msg>
<msg timestamp="20251212 14:18:13.974" level="INFO">${CHROMEDRIVER_PATH} = C:\Users\55619\.wdm\drivers\chromedriver\win64\143.0.7499.42\chromedriver-win32/chromedriver.exe</msg>
<status status="PASS" starttime="20251212 14:18:10.227" endtime="20251212 14:18:13.974"/>
</kw>
<kw name="Open Browser" library="SeleniumLibrary">
<arg>${BASE_URL}</arg>
<arg>${BROWSER}</arg>
<arg>executable_path=${CHROMEDRIVER_PATH}</arg>
<doc>Opens a new browser instance to the optional ``url``.</doc>
<msg timestamp="20251212 14:18:13.975" level="INFO">Opening browser 'Chrome' to base url 'https://reservas.desbravador.com.br/1111'.</msg>
<status status="PASS" starttime="20251212 14:18:13.974" endtime="20251212 14:18:15.471"/>
</kw>
<status status="PASS" starttime="20251212 14:18:10.226" endtime="20251212 14:18:15.472"/>
</kw>
<kw name="Dado que eu tenha acessado o sistema reservas desbravador" library="reservasSteps">
<kw name="aguardar texto: &quot;DIA INICIAL&quot; estar visivel e printar a tela" library="commons_web" sourcename="aguardar texto: &quot;${Texto}&quot; estar visivel e printar a tela">
<kw name="Wait Until Page Contains" library="SeleniumLibrary">
<arg>${Texto}</arg>
<doc>Waits until ``text`` appears on the current page.</doc>
<status status="PASS" starttime="20251212 14:18:15.475" endtime="20251212 14:18:15.936"/>
</kw>
<kw name="Sleep" library="BuiltIn">
<arg>1</arg>
<doc>Pauses the test executed for the given time.</doc>
<msg timestamp="20251212 14:18:16.948" level="INFO">Slept 1 second</msg>
<status status="PASS" starttime="20251212 14:18:15.937" endtime="20251212 14:18:16.948"/>
</kw>
<kw name="Capture Page Screenshot" library="SeleniumLibrary">
<doc>Takes a screenshot of the current page and embeds it into a log file.</doc>
<msg timestamp="20251212 14:18:17.405" level="INFO" html="true">&lt;/td&gt;&lt;/tr&gt;&lt;tr&gt;&lt;td colspan="3"&gt;&lt;a href="selenium-screenshot-1.png"&gt;&lt;img src="selenium-screenshot-1.png" width="800px"&gt;&lt;/a&gt;</msg>
<status status="PASS" starttime="20251212 14:18:16.948" endtime="20251212 14:18:17.405"/>
</kw>
<status status="PASS" starttime="20251212 14:18:15.474" endtime="20251212 14:18:17.406"/>
</kw>
<status status="PASS" starttime="20251212 14:18:15.473" endtime="20251212 14:18:17.406"/>
</kw>
<kw name="Quando fechar o popup informativo" library="reservasSteps">
<kw name="Wait Until Page Contains Element" library="SeleniumLibrary">
<arg>${Botao_FECHAR_POPUP}</arg>
<doc>Waits until the element ``locator`` appears on the current page.</doc>
<status status="PASS" starttime="20251212 14:18:17.407" endtime="20251212 14:18:17.421"/>
</kw>
<status status="PASS" starttime="20251212 14:18:17.406" endtime="20251212 14:18:17.422"/>
</kw>
<kw name="E selecionar dia inicial e final" library="reservasSteps">
<arg>1</arg>
<arg>3</arg>
<kw name="Sleep" library="BuiltIn">
<arg>2</arg>
<doc>Pauses the test executed for the given time.</doc>
<msg timestamp="20251212 14:18:19.424" level="INFO">Slept 2 seconds</msg>
<status status="PASS" starttime="20251212 14:18:17.423" endtime="20251212 14:18:19.424"/>
</kw>
<kw name="aguardar elemento estar visivel na tela e clicar" library="reservasKeywords">
<arg>(//div/table//span[text()="${val1}"])[1]</arg>
<kw name="Wait Until Page Contains Element" library="SeleniumLibrary">
<arg>${elemento_aguardado}</arg>
<doc>Waits until the element ``locator`` appears on the current page.</doc>
<status status="PASS" starttime="20251212 14:18:19.425" endtime="20251212 14:18:19.438"/>
</kw>
<kw name="Click Element" library="SeleniumLibrary">
<arg>${elemento_aguardado}</arg>
<doc>Click the element identified by ``locator``.</doc>
<msg timestamp="20251212 14:18:19.439" level="INFO">Clicking element '(//div/table//span[text()="1"])[1]'.</msg>
<status status="PASS" starttime="20251212 14:18:19.438" endtime="20251212 14:18:19.531"/>
</kw>
<status status="PASS" starttime="20251212 14:18:19.424" endtime="20251212 14:18:19.532"/>
</kw>
<kw name="aguardar elemento estar visivel na tela e clicar" library="reservasKeywords">
<arg>(//div/table//span[text()="${val2}"])[1]</arg>
<kw name="Wait Until Page Contains Element" library="SeleniumLibrary">
<arg>${elemento_aguardado}</arg>
<doc>Waits until the element ``locator`` appears on the current page.</doc>
<status status="PASS" starttime="20251212 14:18:19.533" endtime="20251212 14:18:19.552"/>
</kw>
<kw name="Click Element" library="SeleniumLibrary">
<arg>${elemento_aguardado}</arg>
<doc>Click the element identified by ``locator``.</doc>
<msg timestamp="20251212 14:18:19.553" level="INFO">Clicking element '(//div/table//span[text()="3"])[1]'.</msg>
<status status="PASS" starttime="20251212 14:18:19.552" endtime="20251212 14:18:19.620"/>
</kw>
<status status="PASS" starttime="20251212 14:18:19.532" endtime="20251212 14:18:19.620"/>
</kw>
<status status="PASS" starttime="20251212 14:18:17.422" endtime="20251212 14:18:19.620"/>
</kw>
<kw name="E preencher quantidade de hóspedes" library="reservasSteps">
<kw name="Wait Until Page Contains Element" library="SeleniumLibrary">
<arg>xpath=//select[@id="cdadultos"]</arg>
<doc>Waits until the element ``locator`` appears on the current page.</doc>
<status status="PASS" starttime="20251212 14:18:19.621" endtime="20251212 14:18:19.631"/>
</kw>
<kw name="Click Element" library="SeleniumLibrary">
<arg>xpath=//select[@id="cdadultos"]</arg>
<doc>Click the element identified by ``locator``.</doc>
<msg timestamp="20251212 14:18:19.632" level="INFO">Clicking element 'xpath=//select[@id="cdadultos"]'.</msg>
<status status="PASS" starttime="20251212 14:18:19.632" endtime="20251212 14:18:19.723"/>
</kw>
<kw name="Click Element" library="SeleniumLibrary">
<arg>xpath=//*[@id="cdadultos"]/option[3]</arg>
<doc>Click the element identified by ``locator``.</doc>
<msg timestamp="20251212 14:18:19.723" level="INFO">Clicking element 'xpath=//*[@id="cdadultos"]/option[3]'.</msg>
<status status="PASS" starttime="20251212 14:18:19.723" endtime="20251212 14:18:19.763"/>
</kw>
<kw name="Wait Until Page Contains Element" library="SeleniumLibrary">
<arg>xpath=//select[@id="cdchdfree"]</arg>
<doc>Waits until the element ``locator`` appears on the current page.</doc>
<status status="PASS" starttime="20251212 14:18:19.763" endtime="20251212 14:18:19.775"/>
</kw>
<kw name="Click Element" library="SeleniumLibrary">
<arg>xpath=//select[@id="cdchdfree"]</arg>
<doc>Click the element identified by ``locator``.</doc>
<msg timestamp="20251212 14:18:19.776" level="INFO">Clicking element 'xpath=//select[@id="cdchdfree"]'.</msg>
<status status="PASS" starttime="20251212 14:18:19.776" endtime="20251212 14:18:19.859"/>
</kw>
<kw name="Click Element" library="SeleniumLibrary">
<arg>xpath=//*[@id="cdchdfree"]/option[2]</arg>
<doc>Click the element identified by ``locator``.</doc>
<msg timestamp="20251212 14:18:19.860" level="INFO">Clicking element 'xpath=//*[@id="cdchdfree"]/option[2]'.</msg>
<status status="PASS" starttime="20251212 14:18:19.859" endtime="20251212 14:18:19.893"/>
</kw>
<status status="PASS" starttime="20251212 14:18:19.620" endtime="20251212 14:18:19.893"/>
</kw>
<kw name="E clicar em &quot;Continuar Reserva&quot;" library="commons_web" sourcename="${word} clicar em &quot;${btn}&quot;">
<kw name="aguardar elemento estar visivel na tela e clicar" library="reservasKeywords">
<arg>${Botao_${btn}}</arg>
<kw name="Wait Until Page Contains Element" library="SeleniumLibrary">
<arg>${elemento_aguardado}</arg>
<doc>Waits until the element ``locator`` appears on the current page.</doc>
<status status="PASS" starttime="20251212 14:18:19.895" endtime="20251212 14:18:19.907"/>
</kw>
<kw name="Click Element" library="SeleniumLibrary">
<arg>${elemento_aguardado}</arg>
<doc>Click the element identified by ``locator``.</doc>
<msg timestamp="20251212 14:18:19.907" level="INFO">Clicking element 'xpath=//input[@value="Continuar Reserva"]'.</msg>
<status status="PASS" starttime="20251212 14:18:19.907" endtime="20251212 14:18:20.609"/>
</kw>
<status status="PASS" starttime="20251212 14:18:19.894" endtime="20251212 14:18:20.609"/>
</kw>
<status status="PASS" starttime="20251212 14:18:19.894" endtime="20251212 14:18:20.609"/>
</kw>
<kw name="Então sistema informará que não existe apartamento disponível para a data selecionada" library="reservasSteps">
<kw name="Wait Until Page Contains" library="SeleniumLibrary">
<arg>Não temos apartamentos disponíveis paras os dias</arg>
<doc>Waits until ``text`` appears on the current page.</doc>
<status status="PASS" starttime="20251212 14:18:20.610" endtime="20251212 14:18:20.624"/>
</kw>
<status status="PASS" starttime="20251212 14:18:20.610" endtime="20251212 14:18:20.625"/>
</kw>
<kw name="Fechar Sessao" library="commons_web" type="TEARDOWN">
<kw name="Close Browser" library="SeleniumLibrary">
<doc>Closes the current browser.</doc>
<status status="PASS" starttime="20251212 14:18:20.626" endtime="20251212 14:18:22.915"/>
</kw>
<status status="PASS" starttime="20251212 14:18:20.625" endtime="20251212 14:18:22.915"/>
</kw>
<status status="PASS" starttime="20251212 14:18:10.225" endtime="20251212 14:18:22.915"/>
</test>
<test id="s1-s1-t2" name="Cenário 02: reservar com sucesso" line="19">
<kw name="Abrir Sessao" library="commons_web" type="SETUP">
<kw name="Baixar Chromedriver Path" library="webdriverManager">
<var>${CHROMEDRIVER_PATH}</var>
<msg timestamp="20251212 14:18:22.918" level="INFO">====== WebDriver manager ======</msg>
<msg timestamp="20251212 14:18:26.210" level="INFO">Get LATEST chromedriver version for google-chrome</msg>
<msg timestamp="20251212 14:18:26.347" level="INFO">Get LATEST chromedriver version for google-chrome</msg>
<msg timestamp="20251212 14:18:26.488" level="INFO">Driver [C:\Users\55619\.wdm\drivers\chromedriver\win64\143.0.7499.42\chromedriver-win32/chromedriver.exe] found in cache</msg>
<msg timestamp="20251212 14:18:26.488" level="INFO">C:\Users\55619\.wdm\drivers\chromedriver\win64\143.0.7499.42\chromedriver-win32/chromedriver.exe</msg>
<msg timestamp="20251212 14:18:26.488" level="INFO">${CHROMEDRIVER_PATH} = C:\Users\55619\.wdm\drivers\chromedriver\win64\143.0.7499.42\chromedriver-win32/chromedriver.exe</msg>
<status status="PASS" starttime="20251212 14:18:22.918" endtime="20251212 14:18:26.488"/>
</kw>
<kw name="Open Browser" library="SeleniumLibrary">
<arg>${BASE_URL}</arg>
<arg>${BROWSER}</arg>
<arg>executable_path=${CHROMEDRIVER_PATH}</arg>
<doc>Opens a new browser instance to the optional ``url``.</doc>
<msg timestamp="20251212 14:18:26.489" level="INFO">Opening browser 'Chrome' to base url 'https://reservas.desbravador.com.br/1111'.</msg>
<status status="PASS" starttime="20251212 14:18:26.489" endtime="20251212 14:18:28.506"/>
</kw>
<status status="PASS" starttime="20251212 14:18:22.918" endtime="20251212 14:18:28.506"/>
</kw>
<kw name="Dado que eu tenha acessado o sistema reservas desbravador" library="reservasSteps">
<kw name="aguardar texto: &quot;DIA INICIAL&quot; estar visivel e printar a tela" library="commons_web" sourcename="aguardar texto: &quot;${Texto}&quot; estar visivel e printar a tela">
<kw name="Wait Until Page Contains" library="SeleniumLibrary">
<arg>${Texto}</arg>
<doc>Waits until ``text`` appears on the current page.</doc>
<status status="PASS" starttime="20251212 14:18:28.508" endtime="20251212 14:18:28.528"/>
</kw>
<kw name="Sleep" library="BuiltIn">
<arg>1</arg>
<doc>Pauses the test executed for the given time.</doc>
<msg timestamp="20251212 14:18:29.535" level="INFO">Slept 1 second</msg>
<status status="PASS" starttime="20251212 14:18:28.528" endtime="20251212 14:18:29.535"/>
</kw>
<kw name="Capture Page Screenshot" library="SeleniumLibrary">
<doc>Takes a screenshot of the current page and embeds it into a log file.</doc>
<msg timestamp="20251212 14:18:29.836" level="INFO" html="true">&lt;/td&gt;&lt;/tr&gt;&lt;tr&gt;&lt;td colspan="3"&gt;&lt;a href="selenium-screenshot-2.png"&gt;&lt;img src="selenium-screenshot-2.png" width="800px"&gt;&lt;/a&gt;</msg>
<status status="PASS" starttime="20251212 14:18:29.536" endtime="20251212 14:18:29.837"/>
</kw>
<status status="PASS" starttime="20251212 14:18:28.507" endtime="20251212 14:18:29.837"/>
</kw>
<status status="PASS" starttime="20251212 14:18:28.506" endtime="20251212 14:18:29.837"/>
</kw>
<kw name="Quando fechar o popup informativo" library="reservasSteps">
<kw name="Wait Until Page Contains Element" library="SeleniumLibrary">
<arg>${Botao_FECHAR_POPUP}</arg>
<doc>Waits until the element ``locator`` appears on the current page.</doc>
<status status="PASS" starttime="20251212 14:18:29.839" endtime="20251212 14:18:29.856"/>
</kw>
<status status="PASS" starttime="20251212 14:18:29.838" endtime="20251212 14:18:29.856"/>
</kw>
<kw name="E selecionar dia inicial e final" library="reservasSteps">
<arg>20</arg>
<arg>24</arg>
<kw name="Sleep" library="BuiltIn">
<arg>2</arg>
<doc>Pauses the test executed for the given time.</doc>
<msg timestamp="20251212 14:18:31.860" level="INFO">Slept 2 seconds</msg>
<status status="PASS" starttime="20251212 14:18:29.857" endtime="20251212 14:18:31.860"/>
</kw>
<kw name="aguardar elemento estar visivel na tela e clicar" library="reservasKeywords">
<arg>(//div/table//span[text()="${val1}"])[1]</arg>
<kw name="Wait Until Page Contains Element" library="SeleniumLibrary">
<arg>${elemento_aguardado}</arg>
<doc>Waits until the element ``locator`` appears on the current page.</doc>
<status status="PASS" starttime="20251212 14:18:31.860" endtime="20251212 14:18:31.873"/>
</kw>
<kw name="Click Element" library="SeleniumLibrary">
<arg>${elemento_aguardado}</arg>
<doc>Click the element identified by ``locator``.</doc>
<msg timestamp="20251212 14:18:31.874" level="INFO">Clicking element '(//div/table//span[text()="20"])[1]'.</msg>
<status status="PASS" starttime="20251212 14:18:31.874" endtime="20251212 14:18:31.960"/>
</kw>
<status status="PASS" starttime="20251212 14:18:31.860" endtime="20251212 14:18:31.961"/>
</kw>
<kw name="aguardar elemento estar visivel na tela e clicar" library="reservasKeywords">
<arg>(//div/table//span[text()="${val2}"])[1]</arg>
<kw name="Wait Until Page Contains Element" library="SeleniumLibrary">
<arg>${elemento_aguardado}</arg>
<doc>Waits until the element ``locator`` appears on the current page.</doc>
<status status="PASS" starttime="20251212 14:18:31.961" endtime="20251212 14:18:31.993"/>
</kw>
<kw name="Click Element" library="SeleniumLibrary">
<arg>${elemento_aguardado}</arg>
<doc>Click the element identified by ``locator``.</doc>
<msg timestamp="20251212 14:18:31.993" level="INFO">Clicking element '(//div/table//span[text()="24"])[1]'.</msg>
<status status="PASS" starttime="20251212 14:18:31.993" endtime="20251212 14:18:32.065"/>
</kw>
<status status="PASS" starttime="20251212 14:18:31.961" endtime="20251212 14:18:32.065"/>
</kw>
<status status="PASS" starttime="20251212 14:18:29.856" endtime="20251212 14:18:32.066"/>
</kw>
<kw name="E preencher quantidade de hóspedes" library="reservasSteps">
<kw name="Wait Until Page Contains Element" library="SeleniumLibrary">
<arg>xpath=//select[@id="cdadultos"]</arg>
<doc>Waits until the element ``locator`` appears on the current page.</doc>
<status status="PASS" starttime="20251212 14:18:32.066" endtime="20251212 14:18:32.079"/>
</kw>
<kw name="Click Element" library="SeleniumLibrary">
<arg>xpath=//select[@id="cdadultos"]</arg>
<doc>Click the element identified by ``locator``.</doc>
<msg timestamp="20251212 14:18:32.080" level="INFO">Clicking element 'xpath=//select[@id="cdadultos"]'.</msg>
<status status="PASS" starttime="20251212 14:18:32.079" endtime="20251212 14:18:32.199"/>
</kw>
<kw name="Click Element" library="SeleniumLibrary">
<arg>xpath=//*[@id="cdadultos"]/option[3]</arg>
<doc>Click the element identified by ``locator``.</doc>
<msg timestamp="20251212 14:18:32.199" level="INFO">Clicking element 'xpath=//*[@id="cdadultos"]/option[3]'.</msg>
<status status="PASS" starttime="20251212 14:18:32.199" endtime="20251212 14:18:32.246"/>
</kw>
<kw name="Wait Until Page Contains Element" library="SeleniumLibrary">
<arg>xpath=//select[@id="cdchdfree"]</arg>
<doc>Waits until the element ``locator`` appears on the current page.</doc>
<status status="PASS" starttime="20251212 14:18:32.246" endtime="20251212 14:18:32.258"/>
</kw>
<kw name="Click Element" library="SeleniumLibrary">
<arg>xpath=//select[@id="cdchdfree"]</arg>
<doc>Click the element identified by ``locator``.</doc>
<msg timestamp="20251212 14:18:32.258" level="INFO">Clicking element 'xpath=//select[@id="cdchdfree"]'.</msg>
<status status="PASS" starttime="20251212 14:18:32.258" endtime="20251212 14:18:32.357"/>
</kw>
<kw name="Click Element" library="SeleniumLibrary">
<arg>xpath=//*[@id="cdchdfree"]/option[2]</arg>
<doc>Click the element identified by ``locator``.</doc>
<msg timestamp="20251212 14:18:32.357" level="INFO">Clicking element 'xpath=//*[@id="cdchdfree"]/option[2]'.</msg>
<status status="PASS" starttime="20251212 14:18:32.357" endtime="20251212 14:18:32.396"/>
</kw>
<status status="PASS" starttime="20251212 14:18:32.066" endtime="20251212 14:18:32.396"/>
</kw>
<kw name="E clicar em &quot;Continuar Reserva&quot;" library="commons_web" sourcename="${word} clicar em &quot;${btn}&quot;">
<kw name="aguardar elemento estar visivel na tela e clicar" library="reservasKeywords">
<arg>${Botao_${btn}}</arg>
<kw name="Wait Until Page Contains Element" library="SeleniumLibrary">
<arg>${elemento_aguardado}</arg>
<doc>Waits until the element ``locator`` appears on the current page.</doc>
<status status="PASS" starttime="20251212 14:18:32.397" endtime="20251212 14:18:32.410"/>
</kw>
<kw name="Click Element" library="SeleniumLibrary">
<arg>${elemento_aguardado}</arg>
<doc>Click the element identified by ``locator``.</doc>
<msg timestamp="20251212 14:18:32.411" level="INFO">Clicking element 'xpath=//input[@value="Continuar Reserva"]'.</msg>
<status status="PASS" starttime="20251212 14:18:32.411" endtime="20251212 14:18:32.955"/>
</kw>
<status status="PASS" starttime="20251212 14:18:32.397" endtime="20251212 14:18:32.955"/>
</kw>
<status status="PASS" starttime="20251212 14:18:32.397" endtime="20251212 14:18:32.955"/>
</kw>
<kw name="E Efetuar cadastro" library="reservasSteps">
<kw name="Wait Until Page Contains Element" library="SeleniumLibrary">
<arg>xpath=//button[@id="bt_compra-ST1"]</arg>
<doc>Waits until the element ``locator`` appears on the current page.</doc>
<status status="PASS" starttime="20251212 14:18:32.957" endtime="20251212 14:18:33.301"/>
</kw>
<kw name="verificar que o quarto selecionado é" library="reservasSteps">
<arg>STANDARD ST1</arg>
<kw name="Get WebElement" library="SeleniumLibrary">
<var>${quarto}</var>
<arg>//*[@id="nometipo-ST1"]</arg>
<doc>Returns the first WebElement matching the given ``locator``.</doc>
<msg timestamp="20251212 14:18:33.315" level="INFO">${quarto} = &lt;selenium.webdriver.remote.webelement.WebElement (session="4d66af398b37a50adecb98205d8d3601", element="f.36C429E510E8FF11695CE8AC6AB83212.d.5FA2BBA30C1FDEB2D290FF77288DC9D4.e.97")&gt;</msg>
<status status="PASS" starttime="20251212 14:18:33.301" endtime="20251212 14:18:33.315"/>
</kw>
<kw name="Element Text Should Be" library="SeleniumLibrary">
<arg>${quarto}</arg>
<arg>${qt}</arg>
<doc>Verifies that element ``locator`` contains exact the text ``expected``.</doc>
<msg timestamp="20251212 14:18:33.315" level="INFO">Verifying element '&lt;selenium.webdriver.remote.webelement.WebElement (session="4d66af398b37a50adecb98205d8d3601", element="f.36C429E510E8FF11695CE8AC6AB83212.d.5FA2BBA30C1FDEB2D290FF77288DC9D4.e.97")&gt;' contains exact text 'STANDARD ST1'.</msg>
<status status="PASS" starttime="20251212 14:18:33.315" endtime="20251212 14:18:33.330"/>
</kw>
<status status="PASS" starttime="20251212 14:18:33.301" endtime="20251212 14:18:33.330"/>
</kw>
<kw name="Sleep" library="BuiltIn">
<arg>2</arg>
<doc>Pauses the test executed for the given time.</doc>
<msg timestamp="20251212 14:18:35.343" level="INFO">Slept 2 seconds</msg>
<status status="PASS" starttime="20251212 14:18:33.330" endtime="20251212 14:18:35.343"/>
</kw>
<kw name="Click Element" library="SeleniumLibrary">
<arg>xpath=//button[@id="bt_compra-ST1"]</arg>
<doc>Click the element identified by ``locator``.</doc>
<msg timestamp="20251212 14:18:35.344" level="INFO">Clicking element 'xpath=//button[@id="bt_compra-ST1"]'.</msg>
<status status="PASS" starttime="20251212 14:18:35.344" endtime="20251212 14:18:35.444"/>
</kw>
<kw name="Clicar em pagar" library="reservasSteps">
<kw name="Sleep" library="BuiltIn">
<arg>2</arg>
<doc>Pauses the test executed for the given time.</doc>
<msg timestamp="20251212 14:18:37.457" level="INFO">Slept 2 seconds</msg>
<status status="PASS" starttime="20251212 14:18:35.444" endtime="20251212 14:18:37.457"/>
</kw>
<kw name="aguardar elemento estar visivel na tela e clicar" library="reservasKeywords">
<arg>//*[@id="bt_pagar"]/button</arg>
<kw name="Wait Until Page Contains Element" library="SeleniumLibrary">
<arg>${elemento_aguardado}</arg>
<doc>Waits until the element ``locator`` appears on the current page.</doc>
<status status="PASS" starttime="20251212 14:18:37.460" endtime="20251212 14:18:37.502"/>
</kw>
<kw name="Click Element" library="SeleniumLibrary">
<arg>${elemento_aguardado}</arg>
<doc>Click the element identified by ``locator``.</doc>
<msg timestamp="20251212 14:18:37.503" level="INFO">Clicking element '//*[@id="bt_pagar"]/button'.</msg>
<status status="PASS" starttime="20251212 14:18:37.502" endtime="20251212 14:18:37.586"/>
</kw>
<status status="PASS" starttime="20251212 14:18:37.458" endtime="20251212 14:18:37.586"/>
</kw>
<status status="PASS" starttime="20251212 14:18:35.444" endtime="20251212 14:18:37.586"/>
</kw>
<kw name="efetuar cadastro" library="reservasSteps">
<kw name="aguardar elemento estar visivel na tela e clicar" library="reservasKeywords">
<arg>//*[@id="opcoes_autenticacao"]/div[2]</arg>
<kw name="Wait Until Page Contains Element" library="SeleniumLibrary">
<arg>${elemento_aguardado}</arg>
<doc>Waits until the element ``locator`` appears on the current page.</doc>
<status status="PASS" starttime="20251212 14:18:37.586" endtime="20251212 14:18:37.827"/>
</kw>
<kw name="Click Element" library="SeleniumLibrary">
<arg>${elemento_aguardado}</arg>
<doc>Click the element identified by ``locator``.</doc>
<msg timestamp="20251212 14:18:37.827" level="INFO">Clicking element '//*[@id="opcoes_autenticacao"]/div[2]'.</msg>
<status status="PASS" starttime="20251212 14:18:37.827" endtime="20251212 14:18:37.915"/>
</kw>
<status status="PASS" starttime="20251212 14:18:37.586" endtime="20251212 14:18:37.916"/>
</kw>
<kw name="preencher dados" library="reservasSteps">
<kw name="Wait Until Page Contains Element" library="SeleniumLibrary">
<arg>//*[@id="nmpessoafn"]</arg>
<doc>Waits until the element ``locator`` appears on the current page.</doc>
<status status="PASS" starttime="20251212 14:18:37.916" endtime="20251212 14:18:38.156"/>
</kw>
<kw name="First Name" library="FakerLibrary">
<var>${name}</var>
<msg timestamp="20251212 14:18:38.156" level="INFO">${name} = Misty</msg>
<status status="PASS" starttime="20251212 14:18:38.156" endtime="20251212 14:18:38.156"/>
</kw>
<kw name="Email" library="FakerLibrary">
<var>${email}</var>
<msg timestamp="20251212 14:18:38.157" level="INFO">${email} = smithfelicia@example.net</msg>
<status status="PASS" starttime="20251212 14:18:38.156" endtime="20251212 14:18:38.157"/>
</kw>
<kw name="Input Text" library="SeleniumLibrary">
<arg>//*[@id="nmpessoafn"]</arg>
<arg>${name}</arg>
<doc>Types the given ``text`` into the text field identified by ``locator``.</doc>
<msg timestamp="20251212 14:18:38.157" level="INFO">Typing text 'Misty' into text field '//*[@id="nmpessoafn"]'.</msg>
<status status="PASS" starttime="20251212 14:18:38.157" endtime="20251212 14:18:38.267"/>
</kw>
<kw name="Input Text" library="SeleniumLibrary">
<arg>//*[@id="nmpessoasn"]</arg>
<arg>Rebeka</arg>
<doc>Types the given ``text`` into the text field identified by ``locator``.</doc>
<msg timestamp="20251212 14:18:38.267" level="INFO">Typing text 'Rebeka' into text field '//*[@id="nmpessoasn"]'.</msg>
<status status="PASS" starttime="20251212 14:18:38.267" endtime="20251212 14:18:38.367"/>
</kw>
<kw name="Input Text" library="SeleniumLibrary">
<arg>//*[@id="nmlogin"]</arg>
<arg>${email}</arg>
<doc>Types the given ``text`` into the text field identified by ``locator``.</doc>
<msg timestamp="20251212 14:18:38.368" level="INFO">Typing text 'smithfelicia@example.net' into text field '//*[@id="nmlogin"]'.</msg>
<status status="PASS" starttime="20251212 14:18:38.367" endtime="20251212 14:18:38.499"/>
</kw>
<kw name="Input Text" library="SeleniumLibrary">
<arg>//*[@id="nmlogin1"]</arg>
<arg>${email}</arg>
<doc>Types the given ``text`` into the text field identified by ``locator``.</doc>
<msg timestamp="20251212 14:18:38.500" level="INFO">Typing text 'smithfelicia@example.net' into text field '//*[@id="nmlogin1"]'.</msg>
<status status="PASS" starttime="20251212 14:18:38.499" endtime="20251212 14:18:38.741"/>
</kw>
<kw name="Input Text" library="SeleniumLibrary">
<arg>//*[@id="nmsenha"]</arg>
<arg>1234</arg>
<doc>Types the given ``text`` into the text field identified by ``locator``.</doc>
<msg timestamp="20251212 14:18:38.742" level="INFO">Typing text '1234' into text field '//*[@id="nmsenha"]'.</msg>
<status status="PASS" starttime="20251212 14:18:38.741" endtime="20251212 14:18:38.907"/>
</kw>
<kw name="Input Text" library="SeleniumLibrary">
<arg>//*[@id="nmsenha2"]</arg>
<arg>1234</arg>
<doc>Types the given ``text`` into the text field identified by ``locator``.</doc>
<msg timestamp="20251212 14:18:38.908" level="INFO">Typing text '1234' into text field '//*[@id="nmsenha2"]'.</msg>
<status status="PASS" starttime="20251212 14:18:38.907" endtime="20251212 14:18:38.994"/>
</kw>
<kw name="aguardar elemento estar visivel na tela e clicar" library="reservasKeywords">
<arg>//*[@id="button"]</arg>
<kw name="Wait Until Page Contains Element" library="SeleniumLibrary">
<arg>${elemento_aguardado}</arg>
<doc>Waits until the element ``locator`` appears on the current page.</doc>
<status status="PASS" starttime="20251212 14:18:38.994" endtime="20251212 14:18:39.006"/>
</kw>
<kw name="Click Element" library="SeleniumLibrary">
<arg>${elemento_aguardado}</arg>
<doc>Click the element identified by ``locator``.</doc>
<msg timestamp="20251212 14:18:39.006" level="INFO">Clicking element '//*[@id="button"]'.</msg>
<status status="PASS" starttime="20251212 14:18:39.006" endtime="20251212 14:18:39.244"/>
</kw>
<status status="PASS" starttime="20251212 14:18:38.994" endtime="20251212 14:18:39.244"/>
</kw>
<status status="PASS" starttime="20251212 14:18:37.916" endtime="20251212 14:18:39.245"/>
</kw>
<kw name="continuar reserva" library="reservasSteps">
<kw name="Sleep" library="BuiltIn">
<arg>2</arg>
<doc>Pauses the test executed for the given time.</doc>
<msg timestamp="20251212 14:18:41.259" level="INFO">Slept 2 seconds</msg>
<status status="PASS" starttime="20251212 14:18:39.245" endtime="20251212 14:18:41.259"/>
</kw>
<kw name="Execute Javascript" library="SeleniumLibrary">
<arg>window.jQuery('#lido').click()</arg>
<doc>Executes the given JavaScript code with possible arguments.</doc>
<msg timestamp="20251212 14:18:41.260" level="INFO">Executing JavaScript:
window.jQuery('#lido').click()
Without any arguments.</msg>
<status status="PASS" starttime="20251212 14:18:41.259" endtime="20251212 14:18:41.268"/>
</kw>
<status status="PASS" starttime="20251212 14:18:39.245" endtime="20251212 14:18:41.268"/>
</kw>
<status status="PASS" starttime="20251212 14:18:37.586" endtime="20251212 14:18:41.269"/>
</kw>
<status status="PASS" starttime="20251212 14:18:32.956" endtime="20251212 14:18:41.269"/>
</kw>
<kw name="Então sistema apresentará uma tela para concordar com as condições e continuar reserva" library="reservasSteps">
<kw name="continuar reserva" library="reservasSteps">
<kw name="Sleep" library="BuiltIn">
<arg>2</arg>
<doc>Pauses the test executed for the given time.</doc>
<msg timestamp="20251212 14:18:43.276" level="INFO">Slept 2 seconds</msg>
<status status="PASS" starttime="20251212 14:18:41.270" endtime="20251212 14:18:43.276"/>
</kw>
<kw name="Execute Javascript" library="SeleniumLibrary">
<arg>window.jQuery('#lido').click()</arg>
<doc>Executes the given JavaScript code with possible arguments.</doc>
<msg timestamp="20251212 14:18:43.279" level="INFO">Executing JavaScript:
window.jQuery('#lido').click()
Without any arguments.</msg>
<status status="PASS" starttime="20251212 14:18:43.277" endtime="20251212 14:18:43.295"/>
</kw>
<status status="PASS" starttime="20251212 14:18:41.270" endtime="20251212 14:18:43.295"/>
</kw>
<status status="PASS" starttime="20251212 14:18:41.269" endtime="20251212 14:18:43.296"/>
</kw>
<kw name="Fechar Sessao" library="commons_web" type="TEARDOWN">
<kw name="Close Browser" library="SeleniumLibrary">
<doc>Closes the current browser.</doc>
<status status="PASS" starttime="20251212 14:18:43.298" endtime="20251212 14:18:45.632"/>
</kw>
<status status="PASS" starttime="20251212 14:18:43.297" endtime="20251212 14:18:45.632"/>
</kw>
<status status="PASS" starttime="20251212 14:18:22.917" endtime="20251212 14:18:45.635"/>
</test>
<doc>Testes de login e logout</doc>
<status status="PASS" starttime="20251212 14:18:09.256" endtime="20251212 14:18:45.640"/>
</suite>
<status status="PASS" starttime="20251212 14:18:09.235" endtime="20251212 14:18:45.646"/>
</suite>
<statistics>
<total>
<stat pass="2" fail="0" skip="0">All Tests</stat>
</total>
<tag>
</tag>
<suite>
<stat pass="2" fail="0" skip="0" id="s1" name="Reservas">Reservas</stat>
<stat pass="2" fail="0" skip="0" id="s1-s1" name="reservasTest">Reservas.reservasTest</stat>
</suite>
</statistics>
<errors>
</errors>
</robot>
